<?xml version="1.0" encoding="UTF-8"?>
<!-- Generated by org.testng.reporters.JUnitXMLReporter -->
<testsuite hostname="FaisalKhatri" ignored="0" name="Test" tests="5" failures="0" timestamp="07 Nov 2017 14:37:15 GMT" time="329.928" errors="0">
  <testcase name="Test1" time="32.952" classname="com.SchoolMgmt.schooltest.TestCases"/>
  <testcase name="Test2" time="19.389" classname="com.SchoolMgmt.schooltest.TestCases"/>
  <testcase name="Test3" time="42.677" classname="com.SchoolMgmt.schooltest.TestCases"/>
  <testcase name="Test4" time="19.477" classname="com.SchoolMgmt.schooltest.TestCases"/>
  <testcase name="Test5" time="19.352" classname="com.SchoolMgmt.schooltest.TestCases"/>
</testsuite> <!-- Test -->
