<?xml version="1.0" encoding="UTF-8"?>
<!-- Generated by org.testng.reporters.JUnitXMLReporter -->
<testsuite hostname="FaisalKhatri" ignored="0" name="Command line test" tests="13" failures="0" timestamp="11 Nov 2017 14:26:41 GMT" time="545.722" errors="0">
  <testcase name="Test1" time="22.259" classname="com.SchoolMgmt.schooltest.TestCasesForLoginFeeUnits"/>
  <testcase name="Test2" time="18.263" classname="com.SchoolMgmt.schooltest.TestCasesForLoginFeeUnits"/>
  <testcase name="Test3" time="17.535" classname="com.SchoolMgmt.schooltest.TestCasesForLoginFeeUnits"/>
  <testcase name="Test4" time="21.436" classname="com.SchoolMgmt.schooltest.TestCasesForLoginFeeUnits"/>
  <testcase name="Test1" time="30.518" classname="com.SchoolMgmt.schooltest.TestCasesForLoginGeneralMaintain"/>
  <testcase name="Test1" time="21.5" classname="com.SchoolMgmt.schooltest.TestCasesForLoginMappings"/>
  <testcase name="Test2" time="19.843" classname="com.SchoolMgmt.schooltest.TestCasesForLoginMappings"/>
  <testcase name="Test3" time="19.379" classname="com.SchoolMgmt.schooltest.TestCasesForLoginMappings"/>
  <testcase name="Test4" time="22.043" classname="com.SchoolMgmt.schooltest.TestCasesForLoginMappings"/>
  <testcase name="Test5" time="22.575" classname="com.SchoolMgmt.schooltest.TestCasesForLoginMappings"/>
  <testcase name="Test6" time="31.885" classname="com.SchoolMgmt.schooltest.TestCasesForLoginMappings"/>
  <testcase name="Test7" time="98.892" classname="com.SchoolMgmt.schooltest.TestCasesForLoginMappings"/>
  <testcase name="Test8" time="21.227" classname="com.SchoolMgmt.schooltest.TestCasesForLoginMappings"/>
</testsuite> <!-- Command line test -->
