<?xml version="1.0" encoding="UTF-8"?>
<testng-results skipped="0" failed="1" ignored="0" total="1" passed="0">
  <reporter-output>
  </reporter-output>
  <suite name="Default suite" duration-ms="216411" started-at="2017-11-15T18:01:49Z" finished-at="2017-11-15T18:05:25Z">
    <groups>
    </groups>
    <test name="Default test" duration-ms="216411" started-at="2017-11-15T18:01:49Z" finished-at="2017-11-15T18:05:25Z">
      <class name="com.SchoolMgmt.schooltest.TestCasesForLoginGeneralMaintain">
        <test-method status="PASS" signature="Siteup()[pri:0, instance:com.SchoolMgmt.schooltest.TestCasesForLoginGeneralMaintain@224edc67]" name="Siteup" is-config="true" duration-ms="13226" started-at="2017-11-15T23:31:49Z" finished-at="2017-11-15T23:32:02Z">
          <reporter-output>
          </reporter-output>
        </test-method> <!-- Siteup -->
        <test-method status="FAIL" signature="Test3()[pri:0, instance:com.SchoolMgmt.schooltest.TestCasesForLoginGeneralMaintain@224edc67]" name="Test3" duration-ms="202206" started-at="2017-11-15T23:32:02Z" finished-at="2017-11-15T23:35:24Z">
          <exception class="java.util.NoSuchElementException">
            <message>
              <![CDATA[No value present]]>
            </message>
            <full-stacktrace>
              <![CDATA[java.util.NoSuchElementException: No value present
	at java.util.Optional.get(Optional.java:135)
	at com.SchoolMgmt.schooltest.TestCasesForLoginGeneralMaintain.Test3(TestCasesForLoginGeneralMaintain.java:98)
	at sun.reflect.NativeMethodAccessorImpl.invoke0(Native Method)
	at sun.reflect.NativeMethodAccessorImpl.invoke(NativeMethodAccessorImpl.java:62)
	at sun.reflect.DelegatingMethodAccessorImpl.invoke(DelegatingMethodAccessorImpl.java:43)
	at java.lang.reflect.Method.invoke(Method.java:498)
	at org.testng.internal.MethodInvocationHelper.invokeMethod(MethodInvocationHelper.java:108)
	at org.testng.internal.Invoker.invokeMethod(Invoker.java:661)
	at org.testng.internal.Invoker.invokeTestMethod(Invoker.java:869)
	at org.testng.internal.Invoker.invokeTestMethods(Invoker.java:1193)
	at org.testng.internal.TestMethodWorker.invokeTestMethods(TestMethodWorker.java:126)
	at org.testng.internal.TestMethodWorker.run(TestMethodWorker.java:109)
	at org.testng.TestRunner.privateRun(TestRunner.java:744)
	at org.testng.TestRunner.run(TestRunner.java:602)
	at org.testng.SuiteRunner.runTest(SuiteRunner.java:380)
	at org.testng.SuiteRunner.runSequentially(SuiteRunner.java:375)
	at org.testng.SuiteRunner.privateRun(SuiteRunner.java:340)
	at org.testng.SuiteRunner.run(SuiteRunner.java:289)
	at org.testng.SuiteRunnerWorker.runSuite(SuiteRunnerWorker.java:52)
	at org.testng.SuiteRunnerWorker.run(SuiteRunnerWorker.java:86)
	at org.testng.TestNG.runSuitesSequentially(TestNG.java:1301)
	at org.testng.TestNG.runSuitesLocally(TestNG.java:1226)
	at org.testng.TestNG.runSuites(TestNG.java:1144)
	at org.testng.TestNG.run(TestNG.java:1115)
	at org.testng.remote.AbstractRemoteTestNG.run(AbstractRemoteTestNG.java:114)
	at org.testng.remote.RemoteTestNG.initAndRun(RemoteTestNG.java:251)
	at org.testng.remote.RemoteTestNG.main(RemoteTestNG.java:77)
]]>
            </full-stacktrace>
          </exception> <!-- java.util.NoSuchElementException -->
          <reporter-output>
          </reporter-output>
        </test-method> <!-- Test3 -->
        <test-method status="PASS" signature="teardown()[pri:0, instance:com.SchoolMgmt.schooltest.TestCasesForLoginGeneralMaintain@224edc67]" name="teardown" is-config="true" duration-ms="828" started-at="2017-11-15T23:35:24Z" finished-at="2017-11-15T23:35:25Z">
          <reporter-output>
          </reporter-output>
        </test-method> <!-- teardown -->
      </class> <!-- com.SchoolMgmt.schooltest.TestCasesForLoginGeneralMaintain -->
    </test> <!-- Default test -->
  </suite> <!-- Default suite -->
</testng-results>
